<?xml version="1.0" encoding="UTF-8"?>
<testng-results skipped="0" failed="0" total="1" passed="1">
  <reporter-output>
  </reporter-output>
  <suite name="Default Suite" duration-ms="155294" started-at="2019-08-20T12:29:37Z" finished-at="2019-08-20T12:32:12Z">
    <groups>
    </groups>
    <test name="hotel-automation" duration-ms="155294" started-at="2019-08-20T12:29:37Z" finished-at="2019-08-20T12:32:12Z">
      <class name="com.hotels.test.SearchTest">
        <test-method status="PASS" signature="navigateToHomePage()[pri:0, instance:com.hotels.test.SearchTest@3d24753a]" name="navigateToHomePage" is-config="true" duration-ms="43100" started-at="2019-08-20T17:59:37Z" finished-at="2019-08-20T18:00:20Z">
          <reporter-output>
          </reporter-output>
        </test-method> <!-- navigateToHomePage -->
        <test-method status="PASS" signature="searchTest()[pri:0, instance:com.hotels.test.SearchTest@3d24753a]" name="searchTest" duration-ms="110611" started-at="2019-08-20T18:00:20Z" finished-at="2019-08-20T18:02:11Z">
          <reporter-output>
          </reporter-output>
        </test-method> <!-- searchTest -->
        <test-method status="PASS" signature="finalMethod()[pri:0, instance:com.hotels.test.SearchTest@3d24753a]" name="finalMethod" is-config="true" duration-ms="1534" started-at="2019-08-20T18:02:11Z" finished-at="2019-08-20T18:02:12Z">
          <reporter-output>
          </reporter-output>
        </test-method> <!-- finalMethod -->
      </class> <!-- com.hotels.test.SearchTest -->
    </test> <!-- hotel-automation -->
  </suite> <!-- Default Suite -->
</testng-results>
