<?xml version="1.0" encoding="UTF-8"?>
<testng-results skipped="0" failed="0" total="1" passed="1">
  <reporter-output>
  </reporter-output>
  <suite name="Default Suite" duration-ms="151434" started-at="2019-08-13T07:45:14Z" finished-at="2019-08-13T07:47:46Z">
    <groups>
    </groups>
    <test name="hotel-automation" duration-ms="151434" started-at="2019-08-13T07:45:14Z" finished-at="2019-08-13T07:47:46Z">
      <class name="com.hotels.test.SearchTest">
        <test-method status="PASS" signature="navigateToHomePage()[pri:0, instance:com.hotels.test.SearchTest@57829d67]" name="navigateToHomePage" is-config="true" duration-ms="31106" started-at="2019-08-13T13:15:14Z" finished-at="2019-08-13T13:15:46Z">
          <reporter-output>
          </reporter-output>
        </test-method> <!-- navigateToHomePage -->
        <test-method status="PASS" signature="searchTest()[pri:0, instance:com.hotels.test.SearchTest@57829d67]" name="searchTest" duration-ms="118065" started-at="2019-08-13T13:15:46Z" finished-at="2019-08-13T13:17:44Z">
          <reporter-output>
          </reporter-output>
        </test-method> <!-- searchTest -->
        <test-method status="PASS" signature="finalMethod()[pri:0, instance:com.hotels.test.SearchTest@57829d67]" name="finalMethod" is-config="true" duration-ms="2208" started-at="2019-08-13T13:17:44Z" finished-at="2019-08-13T13:17:46Z">
          <reporter-output>
          </reporter-output>
        </test-method> <!-- finalMethod -->
      </class> <!-- com.hotels.test.SearchTest -->
    </test> <!-- hotel-automation -->
  </suite> <!-- Default Suite -->
</testng-results>
